  Ball.cpp
  SLML_Adam.cpp
C:\Users\wojtij99\Documents\workspace\C++\SFML\SLML_Adam\SLML_Adam\SLML_Adam.cpp(20,15): warning C4244: "argument": konwersja z "time_t" do "unsigned int", możliwa utrata danych
C:\Program Files (x86)\Microsoft Visual Studio\2019\Community\VC\Tools\MSVC\14.28.29333\include\xmemory(701,103): warning C4244: "argument": konwersja z "_Ty" do "float", możliwa utrata danych
          with
          [
              _Ty=int
          ]
C:\Program Files (x86)\Microsoft Visual Studio\2019\Community\VC\Tools\MSVC\14.28.29333\include\vector(682): message : zobacz odwołanie do kompilowanego tworzenia wystąpienia „void std::_Default_allocator_traits<_Alloc>::construct<_Ty,int,int>(_Alloc &,_Objty *const ,int &&,int &&)” funkcji szablon
          with
          [
              _Alloc=std::allocator<Block>,
              _Ty=Block,
              _Objty=Block
          ]
C:\Program Files (x86)\Microsoft Visual Studio\2019\Community\VC\Tools\MSVC\14.28.29333\include\vector(687): message : zobacz odwołanie do kompilowanego tworzenia wystąpienia „void std::_Default_allocator_traits<_Alloc>::construct<_Ty,int,int>(_Alloc &,_Objty *const ,int &&,int &&)” funkcji szablon
          with
          [
              _Alloc=std::allocator<Block>,
              _Ty=Block,
              _Objty=Block
          ]
C:\Program Files (x86)\Microsoft Visual Studio\2019\Community\VC\Tools\MSVC\14.28.29333\include\vector(700): message : zobacz odwołanie do kompilowanego tworzenia wystąpienia „void std::vector<Block,std::allocator<Block>>::_Emplace_back_with_unused_capacity<_Ty,_Ty>(_Ty &&,_Ty &&)” funkcji szablon
          with
          [
              _Ty=int
          ]
C:\Users\wojtij99\Documents\workspace\C++\SFML\SLML_Adam\SLML_Adam\SLML_Adam.cpp(46): message : zobacz odwołanie do kompilowanego tworzenia wystąpienia „void std::vector<Block,std::allocator<Block>>::emplace_back<int,int>(int &&,int &&)” funkcji szablon
  Trwa generowanie kodu
  0 of 269 functions ( 0.0%) were compiled, the rest were copied from previous compilation.
    0 functions were new in current compilation
    0 functions had inline decision re-evaluated but remain unchanged
  Zakończono generowanie kodu
  SLML_Adam.vcxproj -> C:\Users\wojtij99\Documents\workspace\C++\SFML\SLML_Adam\Release\SLML_Adam.exe
